<?xml version="1.0" encoding="UTF-8"?>
<!-- Generated by org.testng.reporters.JUnitReportReporter -->
<testsuite hostname="APMOSYSLT0129" failures="0" tests="3" name="KomalTestNGPractices.TestDependencies" time="0.016" errors="0" timestamp="2023-05-11T12:28:22 IST" skipped="0">
  <testcase classname="KomalTestNGPractices.TestDependencies" name="CreateShipment" time="0.013"/>
  <system-out/>
  <testcase classname="KomalTestNGPractices.TestDependencies" name="TrackShipment" time="0.001"/>
  <system-out/>
  <testcase classname="KomalTestNGPractices.TestDependencies" name="CancelShipment" time="0.002"/>
  <system-out/>
</testsuite> <!-- KomalTestNGPractices.TestDependencies -->
