<?xml version="1.0" encoding="UTF-8"?>
<!-- Generated by org.testng.reporters.JUnitReportReporter -->
<testsuite hostname="APMOSYSLT0129" failures="0" tests="4" name="KomalTestNGPractices.SingleDimArrayUsingInteger" time="0.014" errors="0" timestamp="2023-05-12T16:17:27 IST" skipped="0">
  <testcase classname="KomalTestNGPractices.SingleDimArrayUsingInteger" name="TestLogin" time="0.001"/>
  <system-out/>
  <testcase classname="KomalTestNGPractices.SingleDimArrayUsingInteger" name="TestLogin" time="0.001"/>
  <system-out/>
  <testcase classname="KomalTestNGPractices.SingleDimArrayUsingInteger" name="TestLogin" time="0.010"/>
  <system-out/>
  <testcase classname="KomalTestNGPractices.SingleDimArrayUsingInteger" name="TestLogin" time="0.002"/>
  <system-out/>
</testsuite> <!-- KomalTestNGPractices.SingleDimArrayUsingInteger -->
