<?xml version="1.0" encoding="UTF-8"?>
<!-- Generated by org.testng.reporters.JUnitReportReporter -->
<testsuite hostname="APMOSYSLT0129" failures="0" tests="4" name="KomalTestNGPractices.DataProviderBaseClass" time="0.012" errors="0" timestamp="2023-05-15T16:20:16 IST" skipped="0">
  <testcase classname="KomalTestNGPractices.DataProviderBaseClass" name="TestLogin" time="0.002"/>
  <system-out/>
  <testcase classname="KomalTestNGPractices.DataProviderBaseClass" name="TestLogin" time="0.002"/>
  <system-out/>
  <testcase classname="KomalTestNGPractices.DataProviderBaseClass" name="TestLogin" time="0.007"/>
  <system-out/>
  <testcase classname="KomalTestNGPractices.DataProviderBaseClass" name="TestLogin" time="0.001"/>
  <system-out/>
</testsuite> <!-- KomalTestNGPractices.DataProviderBaseClass -->
