<?xml version="1.0" encoding="UTF-8"?>
<!-- Generated by org.testng.reporters.JUnitReportReporter -->
<testsuite hostname="APMOSYSLT0129" failures="0" tests="3" name="KomalTestNGPractices.DataProviderUsingSingleDimArray" time="0.014" errors="0" timestamp="2023-05-12T16:10:21 IST" skipped="0">
  <testcase classname="KomalTestNGPractices.DataProviderUsingSingleDimArray" name="TestLogin" time="0.002"/>
  <system-out/>
  <testcase classname="KomalTestNGPractices.DataProviderUsingSingleDimArray" name="TestLogin" time="0.009"/>
  <system-out/>
  <testcase classname="KomalTestNGPractices.DataProviderUsingSingleDimArray" name="TestLogin" time="0.003"/>
  <system-out/>
</testsuite> <!-- KomalTestNGPractices.DataProviderUsingSingleDimArray -->
