<?xml version="1.0" encoding="UTF-8"?>
<!-- Generated by org.testng.reporters.JUnitReportReporter -->
<testsuite hostname="APMOSYSLT0129" failures="0" tests="36" name="KomalTestNGPractices.TestClass" time="0.163" errors="0" timestamp="2023-05-19T11:17:57 IST" skipped="0">
  <testcase classname="KomalTestNGPractices.TestClass" name="Test2" time="0.007"/>
  <system-out/>
  <testcase classname="KomalTestNGPractices.TestClass" name="Test4" time="0.001"/>
  <system-out/>
  <testcase classname="KomalTestNGPractices.TestClass" name="Test6" time="0.001"/>
  <system-out/>
  <testcase classname="KomalTestNGPractices.TestClass" name="Test4" time="0.003"/>
  <system-out/>
  <testcase classname="KomalTestNGPractices.TestClass" name="Test2" time="0.001"/>
  <system-out/>
  <testcase classname="KomalTestNGPractices.TestClass" name="Test4" time="0.001"/>
  <system-out/>
  <testcase classname="KomalTestNGPractices.TestClass" name="Test5" time="0.001"/>
  <system-out/>
  <testcase classname="KomalTestNGPractices.TestClass" name="Test2" time="0.002"/>
  <system-out/>
  <testcase classname="KomalTestNGPractices.TestClass" name="Test3" time="0.001"/>
  <system-out/>
  <testcase classname="KomalTestNGPractices.TestClass" name="Test1" time="0.003"/>
  <system-out/>
  <testcase classname="KomalTestNGPractices.TestClass" name="Test3" time="0.001"/>
  <system-out/>
  <testcase classname="KomalTestNGPractices.TestClass" name="Test5" time="0.001"/>
  <system-out/>
  <testcase classname="KomalTestNGPractices.TestClass" name="Test5" time="0.012"/>
  <system-out/>
  <testcase classname="KomalTestNGPractices.TestClass" name="Test1" time="0.004"/>
  <system-out/>
  <testcase classname="KomalTestNGPractices.TestClass" name="Test3" time="0.009"/>
  <system-out/>
  <testcase classname="KomalTestNGPractices.TestClass" name="Test4" time="0.004"/>
  <system-out/>
  <testcase classname="KomalTestNGPractices.TestClass" name="Test2" time="0.009"/>
  <system-out/>
  <testcase classname="KomalTestNGPractices.TestClass" name="Test2" time="0.002"/>
  <system-out/>
  <testcase classname="KomalTestNGPractices.TestClass" name="Test3" time="0.005"/>
  <system-out/>
  <testcase classname="KomalTestNGPractices.TestClass" name="Test6" time="0.001"/>
  <system-out/>
  <testcase classname="KomalTestNGPractices.TestClass" name="Test1" time="0.013"/>
  <system-out/>
  <testcase classname="KomalTestNGPractices.TestClass" name="Test1" time="0.018"/>
  <system-out/>
  <testcase classname="KomalTestNGPractices.TestClass" name="Test1" time="0.002"/>
  <system-out/>
  <testcase classname="KomalTestNGPractices.TestClass" name="Test5" time="0.001"/>
  <system-out/>
  <testcase classname="KomalTestNGPractices.TestClass" name="Test5" time="0.001"/>
  <system-out/>
  <testcase classname="KomalTestNGPractices.TestClass" name="Test6" time="0.006"/>
  <system-out/>
  <testcase classname="KomalTestNGPractices.TestClass" name="Test3" time="0.013"/>
  <system-out/>
  <testcase classname="KomalTestNGPractices.TestClass" name="Test3" time="0.009"/>
  <system-out/>
  <testcase classname="KomalTestNGPractices.TestClass" name="Test6" time="0.000"/>
  <system-out/>
  <testcase classname="KomalTestNGPractices.TestClass" name="Test5" time="0.004"/>
  <system-out/>
  <testcase classname="KomalTestNGPractices.TestClass" name="Test4" time="0.002"/>
  <system-out/>
  <testcase classname="KomalTestNGPractices.TestClass" name="Test1" time="0.013"/>
  <system-out/>
  <testcase classname="KomalTestNGPractices.TestClass" name="Test2" time="0.001"/>
  <system-out/>
  <testcase classname="KomalTestNGPractices.TestClass" name="Test6" time="0.006"/>
  <system-out/>
  <testcase classname="KomalTestNGPractices.TestClass" name="Test4" time="0.004"/>
  <system-out/>
  <testcase classname="KomalTestNGPractices.TestClass" name="Test6" time="0.001"/>
  <system-out/>
</testsuite> <!-- KomalTestNGPractices.TestClass -->
