<?xml version="1.0" encoding="UTF-8"?>
<!-- Generated by org.testng.reporters.JUnitReportReporter -->
<testsuite hostname="APMOSYSLT0129" failures="0" tests="2" name="KomalTestNGPractices.DataProviderUsingIterator" time="0.012" errors="0" timestamp="2023-05-12T17:44:56 IST" skipped="0">
  <testcase classname="KomalTestNGPractices.DataProviderUsingIterator" name="TestLogin" time="0.002"/>
  <system-out/>
  <testcase classname="KomalTestNGPractices.DataProviderUsingIterator" name="TestLogin" time="0.010"/>
  <system-out/>
</testsuite> <!-- KomalTestNGPractices.DataProviderUsingIterator -->
