<?xml version="1.0" encoding="UTF-8"?>
<!-- Generated by org.testng.reporters.JUnitReportReporter -->
<testsuite hostname="APMOSYSLT0129" failures="0" tests="2" name="KomalTestNGPractices.DataproviderUsingIndices" time="0.021" errors="0" timestamp="2023-05-15T12:32:35 IST" skipped="0">
  <testcase classname="KomalTestNGPractices.DataproviderUsingIndices" name="TestLogin" time="0.020"/>
  <system-out/>
  <testcase classname="KomalTestNGPractices.DataproviderUsingIndices" name="TestLogin" time="0.001"/>
  <system-out/>
</testsuite> <!-- KomalTestNGPractices.DataproviderUsingIndices -->
